0 info it worked if it ends with ok
1 verbose cli [ 'C:\\Nodejs\\node.exe',
1 verbose cli   'C:\\Nodejs\\node_modules\\npm\\bin\\npm-cli.js',
1 verbose cli   'run',
1 verbose cli   'dist' ]
2 info using npm@3.10.10
3 info using node@v6.11.0
4 verbose run-script [ 'predist', 'dist', 'postdist' ]
5 info lifecycle electron@1.0.0~predist: electron@1.0.0
6 silly lifecycle electron@1.0.0~predist: no script for predist, continuing
7 info lifecycle electron@1.0.0~dist: electron@1.0.0
8 verbose lifecycle electron@1.0.0~dist: unsafe-perm in lifecycle true
9 verbose lifecycle electron@1.0.0~dist: PATH: C:\Nodejs\node_modules\npm\bin\node-gyp-bin;C:\xampp\htdocs\lab 1\electron\node_modules\.bin;C:\Program Files (x86)\Common Files\Intel\Shared Files\cpp\bin\Intel64;C:\ProgramData\Oracle\Java\javapath;C:\WINDOWS\system32;C:\WINDOWS;C:\WINDOWS\System32\Wbem;C:\WINDOWS\System32\WindowsPowerShell\v1.0\;C:\Program Files (x86)\QuickTime\QTSystem\;C:\Nodejs\;C:\wamp64\bin\php\php5.6.25;C:\composer;C:\xampp\php;C:\Program Files\Git\cmd;C:\Program Files (x86)\Microsoft SQL Server\110\Tools\Binn\;C:\Program Files\Microsoft SQL Server\110\Tools\Binn\;C:\Program Files\Microsoft SQL Server\110\DTS\Binn\;C:\Users\userJ\AppData\Roaming\npm;C:\Users\userJ\AppData\Roaming\Composer\vendor\bin;C:\Users\userJ\AppData\Local\Microsoft\WindowsApps
10 verbose lifecycle electron@1.0.0~dist: CWD: C:\xampp\htdocs\lab 1\electron
11 silly lifecycle electron@1.0.0~dist: Args: [ '/d /s /c', 'build' ]
12 silly lifecycle electron@1.0.0~dist: Returned: code: 1  signal: null
13 info lifecycle electron@1.0.0~dist: Failed to exec dist script
14 verbose stack Error: electron@1.0.0 dist: `build`
14 verbose stack Exit status 1
14 verbose stack     at EventEmitter.<anonymous> (C:\Nodejs\node_modules\npm\lib\utils\lifecycle.js:255:16)
14 verbose stack     at emitTwo (events.js:106:13)
14 verbose stack     at EventEmitter.emit (events.js:191:7)
14 verbose stack     at ChildProcess.<anonymous> (C:\Nodejs\node_modules\npm\lib\utils\spawn.js:40:14)
14 verbose stack     at emitTwo (events.js:106:13)
14 verbose stack     at ChildProcess.emit (events.js:191:7)
14 verbose stack     at maybeClose (internal/child_process.js:891:16)
14 verbose stack     at Process.ChildProcess._handle.onexit (internal/child_process.js:226:5)
15 verbose pkgid electron@1.0.0
16 verbose cwd C:\xampp\htdocs\lab 1\electron
17 error Windows_NT 10.0.16299
18 error argv "C:\\Nodejs\\node.exe" "C:\\Nodejs\\node_modules\\npm\\bin\\npm-cli.js" "run" "dist"
19 error node v6.11.0
20 error npm  v3.10.10
21 error code ELIFECYCLE
22 error electron@1.0.0 dist: `build`
22 error Exit status 1
23 error Failed at the electron@1.0.0 dist script 'build'.
23 error Make sure you have the latest version of node.js and npm installed.
23 error If you do, this is most likely a problem with the electron package,
23 error not with npm itself.
23 error Tell the author that this fails on your system:
23 error     build
23 error You can get information on how to open an issue for this project with:
23 error     npm bugs electron
23 error Or if that isn't available, you can get their info via:
23 error     npm owner ls electron
23 error There is likely additional logging output above.
24 verbose exit [ 1, true ]
